
========== 日志文件 ==========
本次完整运行日志：
/opt/freqtrade-okx/freqtrade-ai/user_data/backtest_results/ai_optimization_runs/run_20260530_052915/run.log

全局日志副本：
/opt/freqtrade-okx/freqtrade-ai/user_data/logs/auto_optimize_run_20260530_052915.log

查看实时日志：
tail -f /opt/freqtrade-okx/freqtrade-ai/user_data/backtest_results/ai_optimization_runs/run_20260530_052915/run.log

========== 日志仓库启动检查 ==========

===== 自动优化中文设置向导 =====
是否进入交互式设置？（默认：是，回车=是，输入 n=跳过）：本次实际迭代轮数：5
运行时配置已保存：/opt/freqtrade-okx/freqtrade-ai/user_data/backtest_results/ai_optimization_runs/run_20260530_052915/goal.runtime.json
本地历史数据已存在，覆盖目标区间，跳过下载。

========== AI 模型池配置 ==========
策略顾问 provider/模型池：
1. glm_official / glm-5.1 @ https://open.bigmodel.cn/api/paas/v4/

代码生成 provider/模型池：
1. glm_official / glm-5.1 @ https://open.bigmodel.cn/api/paas/v4/

模型失败自动轮换：开启
单次 AI 调用最大尝试次数：5
AI 请求超时：180 秒
AI 请求冷却：10 秒
当前 champion 来源：historical_best
当前 champion 策略文件：/opt/freqtrade-okx/freqtrade-ai/user_data/backtest_results/ai_optimization_runs/run_20260530_043127/v001/strategy.py

========== 当前历史最佳策略简述 ==========
来源：historical_best
策略名：MultiCoin_AI_Strategy_20260530_043127_v001
策略文件：/opt/freqtrade-okx/freqtrade-ai/user_data/backtest_results/ai_optimization_runs/run_20260530_043127/v001/strategy.py
训练区间：20260501-20260525
交易数：25
收益USDT：-1.1137
收益率：-0.11%
胜率：84.00%
Profit Factor：0.8531
最大回撤：0.68%
验证区间平均收益率：-0.03%
验证区间平均 PF：0.9732
验证区间最大回撤：0.68%
是否疑似过拟合：否
主要优势：本轮 final_score 最高。
主要风险：仍需在更多验证区间复验稳健性。
========== 记忆加载状态 ==========
historical_best：存在
historical_best 策略文件：有效
nearest_candidate：存在
nearest_candidate 策略文件：有效
last_run_summary：存在
strategy_memory：存在
strategy_lessons：存在
strategy_blacklist：存在
额外随机采样：未启用

========== 第 1 轮 / v001 ==========
1. 正在生成 mutation_spec（冠军-挑战者小步改动）……
当前策略顾问模型池：glm-5.1
当前代码生成模型池：glm-5.1
========== 本轮迭代上下文 ==========
当前轮：v001
上一轮结果：无
当前 in_memory_champion：MultiCoin_AI_Strategy_20260530_043127_v001
当前 session_best：无
当前 session_nearest_candidate：MultiCoin_AI_Strategy_20260530_004239_v003
本次 run 已失败 mutation_type：无
本次 run 已成功 mutation_type：无
本轮 advisor prompt 已包含上一轮结果：否
当前正式 champion：MultiCoin_AI_Strategy_20260530_043127_v001
当前 in_memory_champion：MultiCoin_AI_Strategy_20260530_043127_v001
当前 session_parent 候选：
- historical_best: MultiCoin_AI_Strategy_20260530_043127_v001
- session_best: 无
- nearest_candidate: MultiCoin_AI_Strategy_20260530_004239_v003
正在调用策略顾问模型生成 mutation_spec……
准备调用 AI：
角色：strategy_advisor
模型池：glm-5.1
当前 provider：glm_official
当前模型：glm-5.1
尝试次数：1/5
距离上次 AI 请求：首次调用
本次请求前等待：0.0 秒
AI 正在生成策略中，已等待 10 秒……
AI 正在生成策略中，已等待 20 秒……
AI 正在生成策略中，已等待 30 秒……
AI 正在生成策略中，已等待 40 秒……
AI 调用成功：
角色：strategy_advisor
实际使用 provider：glm_official
实际使用模型：glm-5.1
用时：47 秒
返回字符数：965
策略顾问模型返回完成。
策略顾问模型完成，将等待 5 秒后调用代码生成模型，避免中转站请求过快。
2. mutation_spec 已保存：/opt/freqtrade-okx/freqtrade-ai/user_data/backtest_results/ai_optimization_runs/run_20260530_052915/v001/mutation_spec.json
3. 正在调用代码生成模型池生成 Freqtrade 策略代码……
准备调用 AI：
角色：code_generator
模型池：glm-5.1
当前 provider：glm_official
当前模型：glm-5.1
尝试次数：1/5
距离上次 AI 请求：5.0 秒
本次请求前等待：5.0 秒
AI 正在生成策略中，已等待 10 秒……
AI 正在生成策略中，已等待 20 秒……
AI 正在生成策略中，已等待 30 秒……
AI 调用成功：
角色：code_generator
实际使用 provider：glm_official
实际使用模型：glm-5.1
用时：37 秒
返回字符数：6151
新策略相似度检测：
- 相似对象：无
- 相似对象类型：none
- 相似度：0.00
- 相似原因：无
- 是否允许自动继续：是
4. 策略代码已保存：/opt/freqtrade-okx/freqtrade-ai/user_data/backtest_results/ai_optimization_runs/run_20260530_052915/v001/strategy.py
5. 正在检查 Python 语法……
6. 正在回测训练区间：20260501-20260525
正在解析回测结果……
正在解析 zip: /opt/freqtrade-okx/freqtrade-ai/user_data/backtest_results/ai_optimization_runs/run_20260530_052915/v001/backtests/train_20260501-20260525.zip
正在读取 json: backtest-result-2026-05-30_05-31-11.json
找到策略: MultiCoin_AI_Strategy_20260530_052915_v001
total_trades: 27
profit_total_abs: -2.7606214399999995
profit_total_pct: -0.27606214399999995
profit_factor: 0.7088044150435083
max_drawdown_pct: 0.8438394078147171
版本 | 区间 | 交易数 | 收益率 | 收益USDT | 胜率 | PF | 最大回撤 | ROI收益USDT | 固定止损USDT | 移动止盈/止损USDT | 强制退出USDT
v001 | 20260501-20260525 | 27 | -0.28% | -2.7606 | 81.48% | 0.7088 | 0.84% | 6.5702 | -9.4803 | 0.1495 | 0.0000
7. 正在回测验证区间：20260401-20260430
正在解析回测结果……
正在解析 zip: /opt/freqtrade-okx/freqtrade-ai/user_data/backtest_results/ai_optimization_runs/run_20260530_052915/v001/backtests/validation_20260401-20260430.zip
正在读取 json: backtest-result-2026-05-30_05-31-31.json
找到策略: MultiCoin_AI_Strategy_20260530_052915_v001
total_trades: 29
profit_total_abs: 0.27588634
profit_total_pct: 0.027588634000000004
profit_factor: 1.0364127937293721
max_drawdown_pct: 0.377716958511457
版本 | 区间 | 交易数 | 收益率 | 收益USDT | 胜率 | PF | 最大回撤 | ROI收益USDT | 固定止损USDT | 移动止盈/止损USDT | 强制退出USDT
v001 | 20260401-20260430 | 29 | 0.03% | 0.2759 | 86.21% | 1.0364 | 0.38% | 7.8525 | -7.5766 | 0.0000 | 0.0000
7. 正在回测验证区间：20260301-20260331
正在解析回测结果……
正在解析 zip: /opt/freqtrade-okx/freqtrade-ai/user_data/backtest_results/ai_optimization_runs/run_20260530_052915/v001/backtests/validation_20260301-20260331.zip
正在读取 json: backtest-result-2026-05-30_05-31-49.json
找到策略: MultiCoin_AI_Strategy_20260530_052915_v001
total_trades: 27
profit_total_abs: -4.27741833
profit_total_pct: -0.42774183299999996
profit_factor: 0.6237911065965495
max_drawdown_pct: 1.0309355045321151
版本 | 区间 | 交易数 | 收益率 | 收益USDT | 胜率 | PF | 最大回撤 | ROI收益USDT | 固定止损USDT | 移动止盈/止损USDT | 强制退出USDT
v001 | 20260301-20260331 | 27 | -0.43% | -4.2774 | 77.78% | 0.6238 | 1.03% | 6.7503 | -11.3698 | 0.3421 | 0.0000
7. 正在回测验证区间：20260201-20260228
正在解析回测结果……
正在解析 zip: /opt/freqtrade-okx/freqtrade-ai/user_data/backtest_results/ai_optimization_runs/run_20260530_052915/v001/backtests/validation_20260201-20260228.zip
正在读取 json: backtest-result-2026-05-30_05-32-05.json
找到策略: MultiCoin_AI_Strategy_20260530_052915_v001
total_trades: 24
profit_total_abs: -0.3212618799999998
profit_total_pct: -0.03212618799999998
profit_factor: 0.9576079811403568
max_drawdown_pct: 0.455352549404719
版本 | 区间 | 交易数 | 收益率 | 收益USDT | 胜率 | PF | 最大回撤 | ROI收益USDT | 固定止损USDT | 移动止盈/止损USDT | 强制退出USDT
v001 | 20260201-20260228 | 24 | -0.03% | -0.3213 | 83.33% | 0.9576 | 0.46% | 7.2571 | -7.5784 | 0.0000 | 0.0000
8. 第 1 轮完成：无效，原因：final_score<=0
是否成为新最佳：否
未成为 best 原因：
- 训练区间收益低于 MultiCoin_AI_Strategy_20260530_043127_v001：-0.28% < -0.11%
- 训练区间 PF 低于 MultiCoin_AI_Strategy_20260530_043127_v001：0.7088 < 0.8531
- 训练区间回撤高于 MultiCoin_AI_Strategy_20260530_043127_v001：0.84% > 0.68%
- 验证区间表现不稳定：20260401-20260430 盈利，但 20260301-20260331,20260201-20260228 亏损
- 固定止损亏损吞噬 ROI 收益：训练 ROI +6.5702，固定止损 -9.4803
- final_score=-8.2872，未通过评分门槛

========== 第 2 轮 / v002 ==========
1. 正在生成 mutation_spec（冠军-挑战者小步改动）……
当前策略顾问模型池：glm-5.1
当前代码生成模型池：glm-5.1
========== 本轮迭代上下文 ==========
当前轮：v002
上一轮结果：v001，无效，原因 final_score<=0
当前 in_memory_champion：MultiCoin_AI_Strategy_20260530_043127_v001
当前 session_best：无
当前 session_nearest_candidate：MultiCoin_AI_Strategy_20260530_004239_v003
本次 run 已失败 mutation_type：['pair_specific_filter']
本次 run 已成功 mutation_type：无
本轮 advisor prompt 已包含上一轮结果：是
当前正式 champion：MultiCoin_AI_Strategy_20260530_043127_v001
当前 in_memory_champion：MultiCoin_AI_Strategy_20260530_043127_v001
当前 session_parent 候选：
- historical_best: MultiCoin_AI_Strategy_20260530_043127_v001
- session_best: 无
- nearest_candidate: MultiCoin_AI_Strategy_20260530_004239_v003
正在调用策略顾问模型生成 mutation_spec……
准备调用 AI：
角色：strategy_advisor
模型池：glm-5.1
当前 provider：glm_official
当前模型：glm-5.1
尝试次数：1/5
距离上次 AI 请求：75.7 秒
本次请求前等待：0.0 秒
AI 正在生成策略中，已等待 10 秒……
AI 正在生成策略中，已等待 20 秒……
AI 正在生成策略中，已等待 30 秒……
AI 正在生成策略中，已等待 40 秒……
AI 调用成功：
角色：strategy_advisor
实际使用 provider：glm_official
实际使用模型：glm-5.1
用时：44 秒
返回字符数：1128
策略顾问模型返回完成。
策略顾问模型完成，将等待 5 秒后调用代码生成模型，避免中转站请求过快。
2. mutation_spec 已保存：/opt/freqtrade-okx/freqtrade-ai/user_data/backtest_results/ai_optimization_runs/run_20260530_052915/v002/mutation_spec.json
3. 正在调用代码生成模型池生成 Freqtrade 策略代码……
准备调用 AI：
角色：code_generator
模型池：glm-5.1
当前 provider：glm_official
当前模型：glm-5.1
尝试次数：1/5
距离上次 AI 请求：5.0 秒
本次请求前等待：5.0 秒
AI 正在生成策略中，已等待 10 秒……
AI 正在生成策略中，已等待 20 秒……
AI 正在生成策略中，已等待 30 秒……
AI 正在生成策略中，已等待 40 秒……
AI 正在生成策略中，已等待 50 秒……
AI 正在生成策略中，已等待 60 秒……
AI 正在生成策略中，已等待 70 秒……
AI 正在生成策略中，已等待 80 秒……
AI 正在生成策略中，已等待 90 秒……
AI 正在生成策略中，已等待 100 秒……
AI 正在生成策略中，已等待 110 秒……
AI 调用成功：
角色：code_generator
实际使用 provider：glm_official
实际使用模型：glm-5.1
用时：116 秒
返回字符数：6367
新策略相似度检测：
- 相似对象：无
- 相似对象类型：none
- 相似度：0.00
- 相似原因：无
- 是否允许自动继续：是
策略与本次 run 已测试策略高度重复，跳过训练/验证回测。
重复对象：v001 MultiCoin_AI_Strategy_20260530_052915_v001，相似度 1.00

========== 第 3 轮 / v003 ==========
1. 正在生成 mutation_spec（冠军-挑战者小步改动）……
当前策略顾问模型池：glm-5.1
当前代码生成模型池：glm-5.1
========== 本轮迭代上下文 ==========
当前轮：v003
上一轮结果：v002，无效，原因 策略与本次 run 已测试策略高度重复
当前 in_memory_champion：MultiCoin_AI_Strategy_20260530_043127_v001
当前 session_best：无
当前 session_nearest_candidate：MultiCoin_AI_Strategy_20260530_004239_v003
本次 run 已失败 mutation_type：['pair_specific_filter', 'tighten_entry_trigger']
本次 run 已成功 mutation_type：无
本轮 advisor prompt 已包含上一轮结果：是
当前正式 champion：MultiCoin_AI_Strategy_20260530_043127_v001
当前 in_memory_champion：MultiCoin_AI_Strategy_20260530_043127_v001
当前 session_parent 候选：
- historical_best: MultiCoin_AI_Strategy_20260530_043127_v001
- session_best: 无
- nearest_candidate: MultiCoin_AI_Strategy_20260530_004239_v003
正在调用策略顾问模型生成 mutation_spec……
准备调用 AI：
角色：strategy_advisor
模型池：glm-5.1
当前 provider：glm_official
当前模型：glm-5.1
尝试次数：1/5
距离上次 AI 请求：0.3 秒
本次请求前等待：9.7 秒
AI 正在生成策略中，已等待 10 秒……
AI 正在生成策略中，已等待 20 秒……
AI 正在生成策略中，已等待 30 秒……
AI 正在生成策略中，已等待 40 秒……
AI 调用成功：
角色：strategy_advisor
实际使用 provider：glm_official
实际使用模型：glm-5.1
用时：47 秒
返回字符数：1121
策略顾问模型返回完成。
策略顾问模型完成，将等待 5 秒后调用代码生成模型，避免中转站请求过快。
2. mutation_spec 已保存：/opt/freqtrade-okx/freqtrade-ai/user_data/backtest_results/ai_optimization_runs/run_20260530_052915/v003/mutation_spec.json
3. 正在调用代码生成模型池生成 Freqtrade 策略代码……
准备调用 AI：
角色：code_generator
模型池：glm-5.1
当前 provider：glm_official
当前模型：glm-5.1
尝试次数：1/5
距离上次 AI 请求：5.0 秒
本次请求前等待：5.0 秒
AI 正在生成策略中，已等待 10 秒……
AI 正在生成策略中，已等待 20 秒……
AI 正在生成策略中，已等待 30 秒……
AI 正在生成策略中，已等待 40 秒……
AI 正在生成策略中，已等待 50 秒……
AI 正在生成策略中，已等待 60 秒……
AI 正在生成策略中，已等待 70 秒……
AI 正在生成策略中，已等待 80 秒……
AI 正在生成策略中，已等待 90 秒……
AI 正在生成策略中，已等待 100 秒……
AI 正在生成策略中，已等待 110 秒……
AI 正在生成策略中，已等待 120 秒……
AI 正在生成策略中，已等待 130 秒……
AI 调用成功：
角色：code_generator
实际使用 provider：glm_official
实际使用模型：glm-5.1
用时：139 秒
返回字符数：6299
新策略相似度检测：
- 相似对象：无
- 相似对象类型：none
- 相似度：0.00
- 相似原因：无
- 是否允许自动继续：是
策略与本次 run 已测试策略高度重复，跳过训练/验证回测。
重复对象：v001 MultiCoin_AI_Strategy_20260530_052915_v001，相似度 1.00

========== 第 4 轮 / v004 ==========
1. 正在生成 mutation_spec（冠军-挑战者小步改动）……
当前策略顾问模型池：glm-5.1
当前代码生成模型池：glm-5.1
========== 本轮迭代上下文 ==========
当前轮：v004
上一轮结果：v003，无效，原因 策略与本次 run 已测试策略高度重复
当前 in_memory_champion：MultiCoin_AI_Strategy_20260530_043127_v001
当前 session_best：无
当前 session_nearest_candidate：MultiCoin_AI_Strategy_20260530_004239_v003
本次 run 已失败 mutation_type：['pair_specific_filter', 'tighten_entry_trigger', 'add_entry_filter']
本次 run 已成功 mutation_type：无
本轮 advisor prompt 已包含上一轮结果：是
当前正式 champion：MultiCoin_AI_Strategy_20260530_043127_v001
当前 in_memory_champion：MultiCoin_AI_Strategy_20260530_043127_v001
当前 session_parent 候选：
- historical_best: MultiCoin_AI_Strategy_20260530_043127_v001
- session_best: 无
- nearest_candidate: MultiCoin_AI_Strategy_20260530_004239_v003
正在调用策略顾问模型生成 mutation_spec……
准备调用 AI：
角色：strategy_advisor
模型池：glm-5.1
当前 provider：glm_official
当前模型：glm-5.1
尝试次数：1/5
距离上次 AI 请求：0.3 秒
本次请求前等待：9.7 秒
AI 正在生成策略中，已等待 10 秒……
AI 正在生成策略中，已等待 20 秒……
AI 正在生成策略中，已等待 30 秒……
AI 调用成功：
角色：strategy_advisor
实际使用 provider：glm_official
实际使用模型：glm-5.1
用时：38 秒
返回字符数：774
策略顾问模型返回完成。
策略顾问模型完成，将等待 5 秒后调用代码生成模型，避免中转站请求过快。
2. mutation_spec 已保存：/opt/freqtrade-okx/freqtrade-ai/user_data/backtest_results/ai_optimization_runs/run_20260530_052915/v004/mutation_spec.json
3. 正在调用代码生成模型池生成 Freqtrade 策略代码……
准备调用 AI：
角色：code_generator
模型池：glm-5.1
当前 provider：glm_official
当前模型：glm-5.1
尝试次数：1/5
距离上次 AI 请求：5.0 秒
本次请求前等待：5.0 秒
AI 正在生成策略中，已等待 10 秒……
AI 正在生成策略中，已等待 20 秒……
AI 正在生成策略中，已等待 30 秒……
AI 正在生成策略中，已等待 40 秒……
AI 调用成功：
角色：code_generator
实际使用 provider：glm_official
实际使用模型：glm-5.1
用时：40 秒
返回字符数：6181
新策略相似度检测：
- 相似对象：无
- 相似对象类型：none
- 相似度：0.00
- 相似原因：无
- 是否允许自动继续：是
4. 策略代码已保存：/opt/freqtrade-okx/freqtrade-ai/user_data/backtest_results/ai_optimization_runs/run_20260530_052915/v004/strategy.py
5. 正在检查 Python 语法……
6. 正在回测训练区间：20260501-20260525
正在解析回测结果……
正在解析 zip: /opt/freqtrade-okx/freqtrade-ai/user_data/backtest_results/ai_optimization_runs/run_20260530_052915/v004/backtests/train_20260501-20260525.zip
正在读取 json: backtest-result-2026-05-30_05-40-19.json
找到策略: MultiCoin_AI_Strategy_20260530_052915_v004
total_trades: 26
profit_total_abs: -2.7326397400000006
profit_total_pct: -0.2732639740000001
profit_factor: 0.6396361206972929
max_drawdown_pct: 0.7113879359542968
版本 | 区间 | 交易数 | 收益率 | 收益USDT | 胜率 | PF | 最大回撤 | ROI收益USDT | 固定止损USDT | 移动止盈/止损USDT | 强制退出USDT
v004 | 20260501-20260525 | 26 | -0.27% | -2.7326 | 84.62% | 0.6396 | 0.71% | 4.8504 | -7.5830 | 0.0000 | 0.0000
7. 正在回测验证区间：20260401-20260430
正在解析回测结果……
正在解析 zip: /opt/freqtrade-okx/freqtrade-ai/user_data/backtest_results/ai_optimization_runs/run_20260530_052915/v004/backtests/validation_20260401-20260430.zip
正在读取 json: backtest-result-2026-05-30_05-40-37.json
找到策略: MultiCoin_AI_Strategy_20260530_052915_v004
total_trades: 29
profit_total_abs: -0.7734225299999998
profit_total_pct: -0.07734225299999997
profit_factor: 0.8639452791680098
max_drawdown_pct: 0.40681381543149364
版本 | 区间 | 交易数 | 收益率 | 收益USDT | 胜率 | PF | 最大回撤 | ROI收益USDT | 固定止损USDT | 移动止盈/止损USDT | 强制退出USDT
v004 | 20260401-20260430 | 29 | -0.08% | -0.7734 | 89.66% | 0.8639 | 0.41% | 4.9112 | -5.6846 | 0.0000 | 0.0000
7. 正在回测验证区间：20260301-20260331
正在解析回测结果……
正在解析 zip: /opt/freqtrade-okx/freqtrade-ai/user_data/backtest_results/ai_optimization_runs/run_20260530_052915/v004/backtests/validation_20260301-20260331.zip
正在读取 json: backtest-result-2026-05-30_05-40-53.json
找到策略: MultiCoin_AI_Strategy_20260530_052915_v004
total_trades: 24
profit_total_abs: 1.0350787700000001
profit_total_pct: 0.10350787700000003
profit_factor: 1.2732448269616103
max_drawdown_pct: 0.3371846888781443
版本 | 区间 | 交易数 | 收益率 | 收益USDT | 胜率 | PF | 最大回撤 | ROI收益USDT | 固定止损USDT | 移动止盈/止损USDT | 强制退出USDT
v004 | 20260301-20260331 | 24 | 0.10% | 1.0351 | 91.67% | 1.2732 | 0.34% | 4.8232 | -3.7881 | 0.0000 | 0.0000
7. 正在回测验证区间：20260201-20260228
正在解析回测结果……
正在解析 zip: /opt/freqtrade-okx/freqtrade-ai/user_data/backtest_results/ai_optimization_runs/run_20260530_052915/v004/backtests/validation_20260201-20260228.zip
正在读取 json: backtest-result-2026-05-30_05-41-09.json
找到策略: MultiCoin_AI_Strategy_20260530_052915_v004
total_trades: 21
profit_total_abs: 0.059379479999999596
profit_total_pct: 0.005937947999999959
profit_factor: 1.0156700596091068
max_drawdown_pct: 0.21394019970274097
版本 | 区间 | 交易数 | 收益率 | 收益USDT | 胜率 | PF | 最大回撤 | ROI收益USDT | 固定止损USDT | 移动止盈/止损USDT | 强制退出USDT
v004 | 20260201-20260228 | 21 | 0.01% | 0.0594 | 90.48% | 1.0157 | 0.21% | 3.8487 | -3.7894 | 0.0000 | 0.0000
8. 第 4 轮完成：无效，原因：final_score<=0
是否成为新最佳：否
未成为 best 原因：
- 训练区间收益低于 MultiCoin_AI_Strategy_20260530_043127_v001：-0.27% < -0.11%
- 训练区间 PF 低于 MultiCoin_AI_Strategy_20260530_043127_v001：0.6396 < 0.8531
- 训练区间回撤高于 MultiCoin_AI_Strategy_20260530_043127_v001：0.71% > 0.68%
- 验证区间表现不稳定：20260301-20260331,20260201-20260228 盈利，但 20260401-20260430 亏损
- 固定止损亏损吞噬 ROI 收益：训练 ROI +4.8504，固定止损 -7.5830
- final_score=-5.9224，未通过评分门槛

========== 第 5 轮 / v005 ==========
1. 正在生成 mutation_spec（冠军-挑战者小步改动）……
当前策略顾问模型池：glm-5.1
当前代码生成模型池：glm-5.1
========== 本轮迭代上下文 ==========
当前轮：v005
上一轮结果：v004，无效，原因 final_score<=0
当前 in_memory_champion：MultiCoin_AI_Strategy_20260530_043127_v001
当前 session_best：无
当前 session_nearest_candidate：MultiCoin_AI_Strategy_20260530_004239_v003
本次 run 已失败 mutation_type：['pair_specific_filter', 'tighten_entry_trigger', 'add_entry_filter', 'adjust_roi']
本次 run 已成功 mutation_type：无
本轮 advisor prompt 已包含上一轮结果：是
当前正式 champion：MultiCoin_AI_Strategy_20260530_043127_v001
当前 in_memory_champion：MultiCoin_AI_Strategy_20260530_043127_v001
当前 session_parent 候选：
- historical_best: MultiCoin_AI_Strategy_20260530_043127_v001
- session_best: 无
- nearest_candidate: MultiCoin_AI_Strategy_20260530_004239_v003
正在调用策略顾问模型生成 mutation_spec……
准备调用 AI：
角色：strategy_advisor
模型池：glm-5.1
当前 provider：glm_official
当前模型：glm-5.1
尝试次数：1/5
距离上次 AI 请求：67.9 秒
本次请求前等待：0.0 秒
AI 正在生成策略中，已等待 10 秒……
AI 正在生成策略中，已等待 20 秒……
AI 正在生成策略中，已等待 30 秒……
AI 正在生成策略中，已等待 40 秒……
AI 正在生成策略中，已等待 50 秒……
AI 调用成功：
角色：strategy_advisor
实际使用 provider：glm_official
实际使用模型：glm-5.1
用时：55 秒
返回字符数：1108
策略顾问模型返回完成。
策略顾问模型完成，将等待 5 秒后调用代码生成模型，避免中转站请求过快。
2. mutation_spec 已保存：/opt/freqtrade-okx/freqtrade-ai/user_data/backtest_results/ai_optimization_runs/run_20260530_052915/v005/mutation_spec.json
3. 正在调用代码生成模型池生成 Freqtrade 策略代码……
准备调用 AI：
角色：code_generator
模型池：glm-5.1
当前 provider：glm_official
当前模型：glm-5.1
尝试次数：1/5
距离上次 AI 请求：5.0 秒
本次请求前等待：5.0 秒
AI 正在生成策略中，已等待 10 秒……
AI 正在生成策略中，已等待 20 秒……
AI 正在生成策略中，已等待 30 秒……
AI 正在生成策略中，已等待 40 秒……
AI 正在生成策略中，已等待 50 秒……
AI 正在生成策略中，已等待 60 秒……
AI 正在生成策略中，已等待 70 秒……
AI 正在生成策略中，已等待 80 秒……
AI 正在生成策略中，已等待 90 秒……
AI 正在生成策略中，已等待 100 秒……
AI 正在生成策略中，已等待 110 秒……
AI 正在生成策略中，已等待 120 秒……
AI 调用成功：
角色：code_generator
实际使用 provider：glm_official
实际使用模型：glm-5.1
用时：126 秒
返回字符数：6568
新策略相似度检测：
- 相似对象：无
- 相似对象类型：none
- 相似度：0.00
- 相似原因：无
- 是否允许自动继续：是
4. 策略代码已保存：/opt/freqtrade-okx/freqtrade-ai/user_data/backtest_results/ai_optimization_runs/run_20260530_052915/v005/strategy.py
5. 正在检查 Python 语法……
6. 正在回测训练区间：20260501-20260525
正在解析回测结果……
正在解析 zip: /opt/freqtrade-okx/freqtrade-ai/user_data/backtest_results/ai_optimization_runs/run_20260530_052915/v005/backtests/train_20260501-20260525.zip
正在读取 json: backtest-result-2026-05-30_05-44-39.json
找到策略: MultiCoin_AI_Strategy_20260530_052915_v005
total_trades: 19
profit_total_abs: 1.7802641800000003
profit_total_pct: 0.17802641800000002
profit_factor: 1.4699028047345237
max_drawdown_pct: 0.3021241048561794
版本 | 区间 | 交易数 | 收益率 | 收益USDT | 胜率 | PF | 最大回撤 | ROI收益USDT | 固定止损USDT | 移动止盈/止损USDT | 强制退出USDT
v005 | 20260501-20260525 | 19 | 0.18% | 1.7803 | 89.47% | 1.4699 | 0.30% | 5.5688 | -3.7886 | 0.0000 | 0.0000
训练区间触发硬约束：训练区间交易数低于目标下限，跳过所有验证区间回测。
第 5 轮 final_score 为 0，原因：没有可用的验证区间结果，验证分数按0处理。
8. 第 5 轮完成：无效，原因：训练区间交易数低于目标下限
是否成为新最佳：否
未成为 best 原因：
- final_score=0.0000，未通过评分门槛

===== 本次运行摘要 =====
运行目录：/opt/freqtrade-okx/freqtrade-ai/user_data/backtest_results/ai_optimization_runs/run_20260530_052915
生成策略：v002:MultiCoin_AI_Strategy_20260530_052915_v002、v003:MultiCoin_AI_Strategy_20260530_052915_v003、v005:MultiCoin_AI_Strategy_20260530_052915_v005、v004:MultiCoin_AI_Strategy_20260530_052915_v004、v001:MultiCoin_AI_Strategy_20260530_052915_v001
有效策略：无
无效策略：v002:MultiCoin_AI_Strategy_20260530_052915_v002(策略与本次 run 已测试策略高度重复)、v003:MultiCoin_AI_Strategy_20260530_052915_v003(策略与本次 run 已测试策略高度重复)、v005:MultiCoin_AI_Strategy_20260530_052915_v005(训练区间交易数低于目标下限)、v004:MultiCoin_AI_Strategy_20260530_052915_v004(final_score<=0)、v001:MultiCoin_AI_Strategy_20260530_052915_v001(final_score<=0)
当前最佳策略是否更新：否
本次没有找到有效新策略，当前最佳策略保持不变。
本轮失败策略共同原因：
- final_score<=0
- 固定止损吞噬 ROI
- 最差验证月份拖累整体表现
- 策略与本次 run 已测试策略高度重复
- 训练区间交易数低于目标下限
- 验证区间表现不稳定
下一轮建议：
- 降低目标交易数到 25~80
- 不要继续宽松高频入场
- 优先控制止损损失

========== 结束状态 ==========
当前正式 best：来源=历史 best；策略名=MultiCoin_AI_Strategy_20260530_043127_v001；final_score=23.6285
本轮 session best：策略名=MultiCoin_AI_Strategy_20260530_052915_v005；final_score=0.0000；未成为正式 best 原因：训练区间交易数低于目标下限
========== 本轮最接近目标的失败策略 ==========
版本：v001
策略：MultiCoin_AI_Strategy_20260530_052915_v001
final_score：-8.2872
失败原因：固定止损亏损吞噬 ROI 收益。
为什么仍未成为 best：未通过有效性约束或综合得分不足。
========== 冠军-挑战者状态 ==========
当前最佳策略 champion：MultiCoin_AI_Strategy_20260530_043127_v001
本轮最接近目标 challenger：MultiCoin_AI_Strategy_20260530_004239_v003
比 baseline 差异：{'profit_total_pct_delta': 0.09087360700000002, 'profit_factor_delta': 0.012695037488953509}
下一轮应该怎么改：优先选择未失败过的 mutation_type，继续单点小步调整。
本轮失败模式总结：高频风险 / 止损吞噬利润 / trailing 结构失败 / 相似失败策略。
========== 记忆写入状态 ==========
nearest_candidate.json：已写入
last_run_summary.json：已写入
best_strategy.json：未更新
strategy_memory.json：已追加
strategy_lessons.json：已更新
strategy_blacklist.json：已更新
下一轮 advisor prompt 将加载 last_run_summary：是
下一轮 advisor prompt 将加载 nearest_candidate：是
下一轮 advisor prompt 将加载 historical_best：是

========== 本次迭代统计 ==========
计划迭代轮数：5
策略顾问成功次数：5
代码生成成功次数：5
实际生成策略版本数：3
训练回测版本数：3
验证回测版本数：2
验证区间回测总次数：6
跳过验证版本数：1
有效策略数：0
无效策略数：5
新 best 更新次数：0
当前策略迭代版本：v005
累计历史策略版本数：200
统计文件：/opt/freqtrade-okx/freqtrade-ai/user_data/backtest_results/ai_optimization_runs/run_20260530_052915/iteration_stats.json
详细状态：
v001：顾问=成功 / 代码=成功 / 语法=成功 / 静态=成功 / 训练=已训练回测 / 验证=已完成 / 有效=否 / 新best=否 / 原因=final_score<=0
v002：顾问=成功 / 代码=成功 / 语法=未执行 / 静态=未启用 / 训练=跳过 / 验证=跳过 / 有效=否 / 新best=否 / 原因=策略与本次 run 已测试策略高度重复
v003：顾问=成功 / 代码=成功 / 语法=未执行 / 静态=未启用 / 训练=跳过 / 验证=跳过 / 有效=否 / 新best=否 / 原因=策略与本次 run 已测试策略高度重复
v004：顾问=成功 / 代码=成功 / 语法=成功 / 静态=成功 / 训练=已训练回测 / 验证=已完成 / 有效=否 / 新best=否 / 原因=final_score<=0
v005：顾问=成功 / 代码=成功 / 语法=成功 / 静态=成功 / 训练=已训练回测 / 验证=跳过验证 / 有效=否 / 新best=否 / 原因=训练区间交易数低于目标下限

========== Prompt 审计文件 ==========
Prompt 审计文件：已保存到各版本目录，如需查看请执行：find /opt/freqtrade-okx/freqtrade-ai/user_data/backtest_results/ai_optimization_runs/run_20260530_052915 -maxdepth 3 -type f \( -name "*prompt*" \) -print

========== 当前最佳策略简述 ==========
来源：历史 best
策略名：MultiCoin_AI_Strategy_20260530_043127_v001
策略文件：/opt/freqtrade-okx/freqtrade-ai/user_data/backtest_results/ai_optimization_runs/run_20260530_043127/v001/strategy.py
训练区间：20260501-20260525
交易数：25
收益USDT：-1.1137
收益率：-0.11%
胜率：84.00%
Profit Factor：0.8531
最大回撤：0.68%
验证区间平均收益率：-0.03%
验证区间平均 PF：0.9732
验证区间最大回撤：0.68%
是否疑似过拟合：否
主要优势：本轮 final_score 最高。
主要风险：仍需更多区间复验。

========== 本次运行总耗时 ==========
总耗时：15分27秒（927.8 秒）

========== 日志保存 ==========
完整运行日志：
/opt/freqtrade-okx/freqtrade-ai/user_data/backtest_results/ai_optimization_runs/run_20260530_052915/run.log

全局日志：
/opt/freqtrade-okx/freqtrade-ai/user_data/logs/auto_optimize_run_20260530_052915.log

最近一次日志：
/opt/freqtrade-okx/freqtrade-ai/user_data/logs/latest.log
Your branch is up to date with 'origin/main'.
Already on 'main'
Already up to date.
From github.com:b8vipvip/freqtrade-ai-logs
 * branch            main       -> FETCH_HEAD
